<?xml version="1.0" encoding="UTF-8"?>
<!-- Generated by org.testng.reporters.JUnitReportReporter -->
<testsuite hostname="MARIA-PC" name="Maven.Selenium.WebDriver1.HellowWorldTest" tests="1" failures="0" timestamp="29 Sep 2016 14:26:45 GMT" time="25.019" errors="0">
  <testcase name="Hello" time="25.019" classname="Maven.Selenium.WebDriver1.HellowWorldTest"/>
</testsuite> <!-- Maven.Selenium.WebDriver1.HellowWorldTest -->
